(2013/3/27 21:36:25) Checking for updates
(2013/3/27 21:36:25) \cs(0,255,0)abils.xml Updated\cr
(2013/3/27 21:36:25) \cs(0,255,0)spells.xml Updated\cr
(2013/3/27 21:36:26) \cs(0,255,0)items_armor.xml Updated\cr
(2013/3/27 21:36:27) \cs(0,255,0)items_general.xml Updated\cr
(2013/3/27 21:36:27) \cs(0,255,0)items_weapons.xml Updated\cr
(2013/3/27 21:36:27) \cs(0,255,0)areas.xml Updated\cr
(2013/3/27 21:36:28) \cs(0,255,0)status.xml Updated\cr
(2013/3/27 21:36:28) Successfully Updated
(2013/3/27 23:34:47) Checking for updates
(2013/3/27 23:34:47) Successfully Updated
(2013/3/27 23:37:18) Checking for updates
(2013/3/27 23:37:18) Successfully Updated
(2013/3/28 19:3:30) Checking for updates
(2013/3/28 19:3:30) \cs(0,255,0)abils.xml Updated\cr
(2013/3/28 19:3:30) Successfully Updated
(2013/3/28 19:13:31) Checking for updates
(2013/3/28 19:13:32) Successfully Updated
(2013/3/28 22:5:27) Checking for updates
(2013/3/28 22:5:28) Successfully Updated
(2013/3/28 22:43:21) Checking for updates
(2013/3/28 22:43:24) Successfully Updated
(2013/3/28 23:9:20) Checking for updates
(2013/3/28 23:9:20) Successfully Updated
(2013/3/29 2:38:15) Checking for updates
(2013/3/29 2:38:15) Successfully Updated
(2013/3/29 2:52:8) Checking for updates
(2013/3/29 2:52:9) Successfully Updated
(2013/3/29 23:20:40) Checking for updates
(2013/3/29 23:20:40) Successfully Updated
(2013/3/31 12:6:11) Checking for updates
(2013/3/31 12:6:12) \cs(0,255,0)abils.xml Updated\cr
(2013/3/31 12:6:12) Successfully Updated
(2013/3/31 12:7:18) Checking for updates
(2013/3/31 12:7:19) Successfully Updated
(2013/4/1 22:21:7) Checking for updates
(2013/4/1 22:21:9) Successfully Updated
(2013/4/1 22:24:38) Checking for updates
(2013/4/1 22:24:38) Successfully Updated
(2013/4/3 20:4:0) Checking for updates
(2013/4/3 20:4:1) \cs(0,255,0)abils.xml Updated\cr
(2013/4/3 20:4:1) \cs(0,255,0)spells.xml Updated\cr
(2013/4/3 20:4:1) \cs(0,255,0)items_armor.xml Updated\cr
(2013/4/3 20:4:2) \cs(0,255,0)items_general.xml Updated\cr
(2013/4/3 20:4:2) \cs(0,255,0)items_weapons.xml Updated\cr
(2013/4/3 20:4:2) \cs(0,255,0)areas.xml Updated\cr
(2013/4/3 20:4:2) \cs(0,255,0)status.xml Updated\cr
(2013/4/3 20:4:2) Successfully Updated
(2013/4/4 21:13:27) Checking for updates
(2013/4/4 21:13:28) Successfully Updated
(2013/4/5 0:47:20) Checking for updates
(2013/4/5 0:47:21) Successfully Updated
(2013/4/5 21:54:36) Checking for updates
(2013/4/5 21:54:36) Successfully Updated
(2013/4/7 21:16:51) Checking for updates
(2013/4/7 21:16:52) Successfully Updated
(2013/4/9 2:35:31) Checking for updates
(2013/4/9 2:35:31) Successfully Updated
(2013/4/9 20:45:16) Checking for updates
(2013/4/9 20:45:16) Successfully Updated
(2013/4/9 20:47:41) Checking for updates
(2013/4/9 20:47:41) Successfully Updated
(2013/4/9 20:49:27) Checking for updates
(2013/4/9 20:49:27) Successfully Updated
(2013/4/9 22:25:52) Checking for updates
(2013/4/9 22:25:52) Successfully Updated
(2013/4/9 22:27:19) Checking for updates
(2013/4/9 22:27:19) Successfully Updated
(2013/4/10 1:17:18) Checking for updates
(2013/4/10 1:17:18) Successfully Updated
(2013/4/10 1:17:25) Checking for updates
(2013/4/10 1:17:25) Successfully Updated
(2013/4/11 20:52:58) Checking for updates
(2013/4/11 20:52:58) Successfully Updated
(2013/4/12 11:19:31) Checking for updates
(2013/4/12 11:19:32) Successfully Updated
(2013/4/12 22:24:49) Checking for updates
(2013/4/12 22:24:49) Successfully Updated
(2013/4/14 1:21:22) Checking for updates
(2013/4/14 1:21:23) \cs(0,255,0)status.xml Updated\cr
(2013/4/14 1:21:23) Successfully Updated
(2013/4/14 2:34:55) Checking for updates
(2013/4/14 2:34:56) Successfully Updated
(2013/4/15 21:24:34) Checking for updates
(2013/4/15 21:24:34) Successfully Updated
(2013/4/16 18:4:45) Checking for updates
(2013/4/16 18:4:45) Successfully Updated
(2013/4/16 21:11:52) Checking for updates
(2013/4/16 21:11:52) Successfully Updated
(2013/4/17 21:29:13) Checking for updates
(2013/4/17 21:29:13) Successfully Updated
(2013/4/18 20:20:59) Checking for updates
(2013/4/18 20:21:0) Successfully Updated
(2013/4/18 20:26:42) Checking for updates
(2013/4/18 20:26:42) Successfully Updated
(2013/4/18 21:41:4) Checking for updates
(2013/4/18 21:41:4) Successfully Updated
(2013/4/18 23:10:26) Checking for updates
(2013/4/18 23:10:26) Successfully Updated
(2013/4/20 14:32:21) Checking for updates
(2013/4/20 14:32:21) Successfully Updated
(2013/4/20 14:34:9) Checking for updates
(2013/4/20 14:34:10) Successfully Updated
(2013/4/20 16:54:19) Checking for updates
(2013/4/20 16:54:19) Successfully Updated
(2013/4/20 18:0:58) Checking for updates
(2013/4/20 18:0:59) Successfully Updated
(2013/4/21 13:42:26) Checking for updates
(2013/4/21 13:42:26) Successfully Updated
(2013/4/21 13:42:31) Checking for updates
(2013/4/21 13:42:31) Successfully Updated
(2013/4/21 17:58:32) Checking for updates
(2013/4/21 17:58:32) Successfully Updated
(2013/4/21 17:58:34) Checking for updates
(2013/4/21 17:58:34) Successfully Updated
(2013/4/22 19:28:51) Checking for updates
(2013/4/22 19:28:51) Successfully Updated
(2013/4/22 21:18:2) Checking for updates
(2013/4/22 21:18:2) Successfully Updated
(2013/4/23 0:52:40) Checking for updates
(2013/4/23 0:52:40) Successfully Updated
(2013/4/23 10:12:45) Checking for updates
(2013/4/23 10:12:46) Successfully Updated
(2013/4/23 20:3:9) Checking for updates
(2013/4/23 20:3:9) Successfully Updated
(2013/4/23 21:58:54) Checking for updates
(2013/4/23 21:58:54) Successfully Updated
(2013/4/23 22:46:56) Checking for updates
(2013/4/23 22:46:56) Successfully Updated
(2013/4/23 23:12:9) Checking for updates
(2013/4/23 23:12:9) Successfully Updated
(2013/4/24 10:17:30) Checking for updates
(2013/4/24 10:17:30) Successfully Updated
(2013/4/24 20:7:31) Checking for updates
(2013/4/24 20:7:31) Successfully Updated
(2013/4/24 20:7:38) Checking for updates
(2013/4/24 20:7:38) Successfully Updated
(2013/4/24 23:41:30) Checking for updates
(2013/4/24 23:41:30) Successfully Updated
(2013/4/24 23:43:43) Checking for updates
(2013/4/24 23:43:43) Successfully Updated
(2013/4/25 18:30:38) Checking for updates
(2013/4/25 18:30:38) Successfully Updated
(2013/4/25 18:30:40) Checking for updates
(2013/4/25 18:30:40) Successfully Updated
(2013/4/25 22:49:39) Checking for updates
(2013/4/25 22:49:39) Successfully Updated
(2013/4/26 21:52:54) Checking for updates
(2013/4/26 21:52:54) Successfully Updated
(2013/4/26 21:55:7) Checking for updates
(2013/4/26 21:55:7) Successfully Updated
(2013/4/26 21:57:50) Checking for updates
(2013/4/26 21:57:50) Successfully Updated
(2013/4/28 21:14:2) Checking for updates
(2013/4/28 21:14:2) Successfully Updated
(2013/4/28 21:16:22) Checking for updates
(2013/4/28 21:16:22) Successfully Updated
(2013/4/28 21:59:28) Checking for updates
(2013/4/28 21:59:28) Successfully Updated
(2013/4/28 22:28:8) Checking for updates
(2013/4/28 22:28:8) Successfully Updated
(2013/4/29 10:51:17) Checking for updates
(2013/4/29 10:51:18) Successfully Updated
(2013/4/30 2:4:10) Checking for updates
(2013/4/30 2:4:10) Successfully Updated
(2013/4/30 2:4:20) Checking for updates
(2013/4/30 2:4:20) Successfully Updated
(2013/4/30 2:21:35) Checking for updates
(2013/4/30 2:21:35) Successfully Updated
(2013/4/30 10:2:43) Checking for updates
(2013/4/30 10:2:43) Successfully Updated
(2013/4/30 20:50:48) Checking for updates
(2013/4/30 20:50:48) Successfully Updated
(2013/4/30 20:50:57) Checking for updates
(2013/4/30 20:50:57) Successfully Updated
(2013/4/30 20:52:39) Checking for updates
(2013/4/30 20:52:39) Successfully Updated
(2013/5/1 20:30:49) Checking for updates
(2013/5/1 20:30:53) Successfully Updated
(2013/5/2 0:17:36) Checking for updates
(2013/5/2 0:17:36) Successfully Updated
(2013/5/3 1:56:37) Checking for updates
(2013/5/3 1:56:37) \cs(0,255,0)abils.xml Updated\cr
(2013/5/3 1:56:38) \cs(0,255,0)spells.xml Updated\cr
(2013/5/3 1:56:38) \cs(0,255,0)items_armor.xml Updated\cr
(2013/5/3 1:56:40) \cs(0,255,0)items_general.xml Updated\cr
(2013/5/3 1:56:40) \cs(0,255,0)items_weapons.xml Updated\cr
(2013/5/3 1:56:40) \cs(0,255,0)areas.xml Updated\cr
(2013/5/3 1:56:40) \cs(0,255,0)status.xml Updated\cr
(2013/5/3 1:56:40) Successfully Updated
(2013/5/4 22:13:9) Checking for updates
(2013/5/4 22:13:10) Successfully Updated
(2013/5/4 22:13:16) Checking for updates
(2013/5/4 22:13:19) Successfully Updated
(2013/5/4 22:25:55) Checking for updates
(2013/5/4 22:25:58) Successfully Updated
(2013/5/4 23:14:58) Checking for updates
(2013/5/4 23:15:1) Successfully Updated
(2013/5/5 1:30:59) Checking for updates
(2013/5/5 1:30:59) Successfully Updated
(2013/5/5 4:1:33) Checking for updates
(2013/5/5 4:1:33) Successfully Updated
(2013/5/6 9:49:34) Checking for updates
(2013/5/6 9:49:34) Successfully Updated
(2013/5/6 9:51:19) Checking for updates
(2013/5/6 9:51:19) Successfully Updated
(2013/5/7 18:40:23) Checking for updates
(2013/5/7 18:40:23) Successfully Updated
(2013/5/7 18:40:30) Checking for updates
(2013/5/7 18:40:30) Successfully Updated
(2013/5/8 2:19:25) Checking for updates
(2013/5/8 2:19:25) Successfully Updated
(2013/5/8 9:52:53) Checking for updates
(2013/5/8 9:52:54) Successfully Updated
(2013/5/8 9:53:1) Checking for updates
(2013/5/8 9:53:1) Successfully Updated
(2013/5/8 18:0:25) Checking for updates
(2013/5/8 18:0:25) Successfully Updated
(2013/5/8 18:0:41) Checking for updates
(2013/5/8 18:0:41) Successfully Updated
(2013/5/8 18:0:46) Checking for updates
(2013/5/8 18:0:46) Successfully Updated
(2013/5/8 18:3:29) Checking for updates
(2013/5/8 18:3:29) Successfully Updated
(2013/5/8 18:4:53) Checking for updates
(2013/5/8 18:4:53) Successfully Updated
(2013/5/8 18:6:22) Checking for updates
(2013/5/8 18:6:23) Successfully Updated
(2013/5/9 19:36:52) Checking for updates
(2013/5/9 19:36:52) Successfully Updated
(2013/5/10 0:48:34) Checking for updates
(2013/5/10 0:48:34) Successfully Updated
(2013/5/13 21:18:21) Checking for updates
(2013/5/13 21:18:21) Successfully Updated
(2013/5/13 21:26:4) Checking for updates
(2013/5/13 21:26:4) Successfully Updated
(2013/5/13 23:56:55) Checking for updates
(2013/5/13 23:56:56) Successfully Updated
(2013/5/14 0:57:10) Checking for updates
(2013/5/14 0:57:10) Successfully Updated
(2013/5/14 21:22:43) Checking for updates
(2013/5/14 21:22:44) Successfully Updated
(2013/5/14 22:29:32) Checking for updates
(2013/5/14 22:29:32) Successfully Updated
(2013/5/14 22:36:7) Checking for updates
(2013/5/14 22:36:7) Successfully Updated
(2013/5/15 10:1:44) Checking for updates
(2013/5/15 10:1:45) Successfully Updated
(2013/5/15 20:16:5) Checking for updates
(2013/5/15 20:16:5) Successfully Updated
(2013/5/15 20:17:41) Checking for updates
(2013/5/15 20:17:41) Successfully Updated
(2013/5/16 19:15:57) Checking for updates
(2013/5/16 19:15:58) Successfully Updated
(2013/5/16 19:25:10) Checking for updates
(2013/5/16 19:25:10) Successfully Updated
(2013/5/16 20:2:7) Checking for updates
(2013/5/16 20:2:8) Successfully Updated
(2013/5/17 4:27:30) Checking for updates
(2013/5/17 4:27:30) Successfully Updated
(2013/5/19 13:18:17) Checking for updates
(2013/5/19 13:18:17) Successfully Updated
(2013/5/20 1:50:27) Checking for updates
(2013/5/20 1:50:27) Successfully Updated
(2013/5/20 1:50:30) Checking for updates
(2013/5/20 1:50:30) Successfully Updated
(2013/5/21 3:15:44) Checking for updates
(2013/5/21 3:15:45) Successfully Updated
(2013/5/21 3:16:42) Checking for updates
(2013/5/21 3:16:42) Successfully Updated
(2013/5/21 19:34:48) Checking for updates
(2013/5/21 19:34:48) Successfully Updated
(2013/5/21 19:34:52) Checking for updates
(2013/5/21 19:34:53) Successfully Updated
(2013/5/23 20:6:7) Checking for updates
(2013/5/23 20:6:7) Successfully Updated
(2013/5/23 23:26:54) Checking for updates
(2013/5/23 23:26:54) Successfully Updated
(2013/5/23 23:42:58) Checking for updates
(2013/5/23 23:42:58) Successfully Updated
(2013/5/23 23:44:35) Checking for updates
(2013/5/23 23:44:35) Successfully Updated
(2013/5/24 0:10:48) Checking for updates
(2013/5/24 0:10:48) Successfully Updated
(2013/5/24 22:43:46) Checking for updates
(2013/5/24 22:43:47) Successfully Updated
(2013/5/24 23:50:39) Checking for updates
(2013/5/24 23:50:39) Successfully Updated
(2013/5/27 13:33:33) Checking for updates
(2013/5/27 13:33:33) Successfully Updated
(2013/5/27 20:41:6) Checking for updates
(2013/5/27 20:41:6) Successfully Updated
(2013/5/27 22:55:49) Checking for updates
(2013/5/27 22:55:49) Successfully Updated
(2013/5/29 20:48:40) Checking for updates
(2013/5/29 20:48:40) Successfully Updated
(2013/5/30 0:9:20) Checking for updates
(2013/5/30 0:9:20) Successfully Updated
(2013/5/30 0:11:5) Checking for updates
(2013/5/30 0:11:6) Successfully Updated
(2013/5/30 0:25:29) Checking for updates
(2013/5/30 0:25:30) Successfully Updated
(2013/5/30 20:59:13) Checking for updates
(2013/5/30 20:59:13) Successfully Updated
(2013/5/31 1:56:20) Checking for updates
(2013/5/31 1:56:20) Successfully Updated
(2013/5/31 23:52:1) Checking for updates
(2013/5/31 23:52:22) Successfully Updated
(2013/6/1 0:53:10) Checking for updates
(2013/6/1 0:53:11) Successfully Updated
(2013/6/1 12:14:46) Checking for updates
(2013/6/1 12:14:47) Successfully Updated
(2013/6/1 12:14:52) Checking for updates
(2013/6/1 12:14:52) Successfully Updated
(2013/6/1 15:19:46) Checking for updates
(2013/6/1 15:19:46) Successfully Updated
(2013/6/1 15:20:12) Checking for updates
(2013/6/1 15:20:12) Successfully Updated
(2013/6/2 2:49:43) Checking for updates
(2013/6/2 2:49:43) Successfully Updated
(2013/6/3 0:21:47) Checking for updates
(2013/6/3 0:21:47) Successfully Updated
(2013/6/3 21:31:45) Checking for updates
(2013/6/3 21:31:45) Successfully Updated
(2013/6/3 21:31:59) Checking for updates
(2013/6/3 21:32:0) Successfully Updated
(2013/6/5 21:32:35) Checking for updates
(2013/6/5 21:32:35) Successfully Updated
(2013/6/9 21:39:6) Checking for updates
(2013/6/9 21:39:7) Successfully Updated
(2013/6/9 21:50:39) Checking for updates
(2013/6/9 21:50:39) Successfully Updated
(2013/6/10 18:57:43) Checking for updates
(2013/6/10 18:57:43) Successfully Updated
(2013/6/11 0:8:59) Checking for updates
(2013/6/11 0:8:59) Successfully Updated
(2013/6/11 0:10:21) Checking for updates
(2013/6/11 0:10:21) Successfully Updated
(2013/6/11 0:37:41) Checking for updates
(2013/6/11 0:37:41) Successfully Updated
(2013/6/11 2:15:6) Checking for updates
(2013/6/11 2:15:6) Successfully Updated
(2013/6/11 21:2:46) Checking for updates
(2013/6/11 21:2:47) Successfully Updated
(2013/6/11 22:29:45) Checking for updates
(2013/6/11 22:29:45) Successfully Updated
(2013/6/13 21:26:47) Checking for updates
(2013/6/13 21:26:47) Successfully Updated
(2013/6/13 21:30:2) Checking for updates
(2013/6/13 21:30:3) Successfully Updated
(2013/6/13 21:33:59) Checking for updates
(2013/6/13 21:33:59) Successfully Updated
(2013/6/13 21:39:22) Checking for updates
(2013/6/13 21:39:23) Successfully Updated
(2013/6/13 21:44:20) Checking for updates
(2013/6/13 21:44:20) Successfully Updated
(2013/6/13 22:2:54) Checking for updates
(2013/6/13 22:2:54) Successfully Updated
(2013/6/14 17:58:33) Checking for updates
(2013/6/14 17:58:33) Successfully Updated
(2013/6/18 20:41:12) Checking for updates
(2013/6/18 20:41:12) Successfully Updated
(2013/6/18 20:43:21) Checking for updates
(2013/6/18 20:43:21) Successfully Updated
(2013/6/18 22:35:57) Checking for updates
(2013/6/18 22:35:57) Successfully Updated
(2013/6/24 20:37:38) Checking for updates
(2013/6/24 20:37:38) Successfully Updated
(2013/6/24 20:54:36) Checking for updates
(2013/6/24 20:54:36) Successfully Updated
(2013/6/25 22:38:56) Checking for updates
(2013/6/25 22:38:56) Successfully Updated
(2013/6/27 21:31:37) Checking for updates
(2013/6/27 21:31:37) Successfully Updated
(2013/7/1 15:57:32) Checking for updates
(2013/7/1 15:57:33) Successfully Updated
(2013/7/1 15:58:57) Checking for updates
(2013/7/1 15:58:57) Successfully Updated
(2013/7/1 16:0:20) Checking for updates
(2013/7/1 16:0:20) Successfully Updated
(2013/7/1 16:56:14) Checking for updates
(2013/7/1 16:56:15) Successfully Updated
(2013/7/1 19:45:28) Checking for updates
(2013/7/1 19:45:28) Successfully Updated
(2013/7/1 20:39:49) Checking for updates
(2013/7/1 20:39:49) Successfully Updated
(2013/7/4 21:19:29) Checking for updates
(2013/7/4 21:19:29) Successfully Updated
(2013/7/11 22:4:37) Checking for updates
(2013/7/11 22:4:38) \cs(0,255,0)abils.xml Updated\cr
(2013/7/11 22:4:38) \cs(0,255,0)spells.xml Updated\cr
(2013/7/11 22:4:39) \cs(0,255,0)items_armor.xml Updated\cr
(2013/7/11 22:4:40) \cs(0,255,0)items_general.xml Updated\cr
(2013/7/11 22:4:40) \cs(0,255,0)items_weapons.xml Updated\cr
(2013/7/11 22:4:40) \cs(0,255,0)areas.xml Updated\cr
(2013/7/11 22:4:40) \cs(0,255,0)status.xml Updated\cr
(2013/7/11 22:4:40) Successfully Updated
(2013/7/17 2:23:55) Checking for updates
(2013/7/17 2:23:55) Successfully Updated
(2013/7/17 2:26:3) Checking for updates
(2013/7/17 2:26:3) Successfully Updated
(2013/7/17 2:40:59) Checking for updates
(2013/7/17 2:41:0) Successfully Updated
(2013/8/1 21:43:49) Checking for updates
(2013/8/1 21:43:49) Successfully Updated
(2013/11/23 14:35:18) Checking for updates
(2013/11/23 14:35:18) \cs(0,255,0)abils.xml Updated\cr
(2013/11/23 14:35:18) \cs(0,255,0)spells.xml Updated\cr
(2013/11/23 14:35:19) \cs(0,255,0)items_armor.xml Updated\cr
(2013/11/23 14:35:19) \cs(0,255,0)items_general.xml Updated\cr
(2013/11/23 14:35:19) \cs(0,255,0)items_weapons.xml Updated\cr
(2013/11/23 14:35:19) \cs(0,255,0)areas.xml Updated\cr
(2013/11/23 14:35:19) \cs(0,255,0)status.xml Updated\cr
(2013/11/23 14:35:19) Successfully Updated
(2013/11/23 14:52:51) Checking for updates
(2013/11/23 14:52:51) Successfully Updated
(2013/11/23 16:38:50) Checking for updates
(2013/11/23 16:38:50) Successfully Updated
(2013/11/23 17:18:46) Checking for updates
(2013/11/23 17:18:46) Successfully Updated
(2013/11/23 22:13:8) Checking for updates
(2013/11/23 22:13:8) Successfully Updated
(2013/11/24 2:29:19) Checking for updates
(2013/11/24 2:29:20) Successfully Updated
(2013/11/24 4:19:54) Checking for updates
(2013/11/24 4:19:55) Successfully Updated
(2013/11/24 4:22:57) Checking for updates
(2013/11/24 4:22:58) Successfully Updated
(2013/11/24 4:23:2) Checking for updates
(2013/11/24 4:23:2) Successfully Updated
(2013/11/24 4:25:27) Checking for updates
(2013/11/24 4:25:27) Successfully Updated
(2013/11/25 0:5:33) Checking for updates
(2013/11/25 0:5:33) Successfully Updated
(2013/11/25 3:3:54) Checking for updates
(2013/11/25 3:3:54) Successfully Updated
(2013/11/25 19:6:14) Checking for updates
(2013/11/25 19:6:14) Successfully Updated
(2013/11/25 19:7:4) Checking for updates
(2013/11/25 19:7:4) Successfully Updated
(2013/11/25 19:9:17) Checking for updates
(2013/11/25 19:9:17) Successfully Updated
(2013/11/25 22:56:33) Checking for updates
(2013/11/25 22:56:33) Successfully Updated
(2013/11/25 23:17:38) Checking for updates
(2013/11/25 23:17:38) Successfully Updated
(2013/11/26 3:2:2) Checking for updates
(2013/11/26 3:2:2) Successfully Updated
(2013/11/26 20:25:35) Checking for updates
(2013/11/26 20:25:35) Successfully Updated
(2013/11/26 22:45:2) Checking for updates
(2013/11/26 22:45:2) Successfully Updated
(2013/11/27 18:57:34) Checking for updates
(2013/11/27 18:57:34) Successfully Updated
(2013/11/27 19:4:9) Checking for updates
(2013/11/27 19:4:9) Successfully Updated
(2013/11/27 23:26:46) Checking for updates
(2013/11/27 23:26:46) Successfully Updated
(2013/11/28 2:54:28) Checking for updates
(2013/11/28 2:54:28) Successfully Updated
(2013/11/28 19:9:35) Checking for updates
(2013/11/28 19:9:36) Successfully Updated
(2013/11/28 19:15:45) Checking for updates
(2013/11/28 19:15:45) Successfully Updated
(2013/11/29 9:51:29) Checking for updates
(2013/11/29 9:51:30) Successfully Updated
(2013/11/29 19:28:40) Checking for updates
(2013/11/29 19:28:40) Successfully Updated
(2013/11/29 22:16:2) Checking for updates
(2013/11/29 22:16:2) Successfully Updated
(2013/12/2 0:48:13) Checking for updates
(2013/12/2 0:48:13) Successfully Updated
(2013/12/2 0:50:32) Checking for updates
(2013/12/2 0:50:32) Successfully Updated
(2013/12/2 18:29:48) Checking for updates
(2013/12/2 18:29:49) Successfully Updated
(2013/12/2 18:31:20) Checking for updates
(2013/12/2 18:31:20) Successfully Updated
(2013/12/3 18:11:20) Checking for updates
(2013/12/3 18:11:21) Successfully Updated
(2013/12/3 18:12:55) Checking for updates
(2013/12/3 18:12:55) Successfully Updated
(2013/12/3 23:3:1) Checking for updates
(2013/12/3 23:3:2) Successfully Updated
(2013/12/4 20:59:17) Checking for updates
(2013/12/4 20:59:17) Successfully Updated
(2013/12/4 21:0:29) Checking for updates
(2013/12/4 21:0:30) Successfully Updated
(2013/12/5 18:55:6) Checking for updates
(2013/12/5 18:55:7) Successfully Updated
(2013/12/5 19:3:58) Checking for updates
(2013/12/5 19:3:58) Successfully Updated
(2013/12/5 19:24:29) Checking for updates
(2013/12/5 19:24:29) Successfully Updated
(2013/12/5 19:40:47) Checking for updates
(2013/12/5 19:40:48) Successfully Updated
(2013/12/5 20:8:40) Checking for updates
(2013/12/5 20:8:40) Successfully Updated
(2013/12/5 20:25:43) Checking for updates
(2013/12/5 20:25:43) Successfully Updated
(2013/12/6 0:5:24) Checking for updates
(2013/12/6 0:5:24) Successfully Updated
(2013/12/6 20:18:23) Checking for updates
(2013/12/6 20:18:24) \cs(0,255,0)items_general.xml Updated\cr
(2013/12/6 20:18:24) Successfully Updated
(2013/12/6 21:10:16) Checking for updates
(2013/12/6 21:10:16) Successfully Updated
(2013/12/7 2:18:16) Checking for updates
(2013/12/7 2:18:16) Successfully Updated
(2013/12/14 9:57:52) Checking for updates
(2013/12/14 9:57:55) \cs(0,255,0)abils.xml Updated\cr
(2013/12/14 9:57:55) \cs(0,255,0)spells.xml Updated\cr
(2013/12/14 9:58:1) \cs(0,255,0)items_armor.xml Updated\cr
(2013/12/14 9:58:7) \cs(0,255,0)items_general.xml Updated\cr
(2013/12/14 9:58:9) \cs(0,255,0)items_weapons.xml Updated\cr
(2013/12/14 9:58:9) Successfully Updated
(2013/12/14 9:59:26) Checking for updates
(2013/12/14 9:59:26) Successfully Updated
(2013/12/16 8:43:4) Checking for updates
(2013/12/16 8:43:5) Successfully Updated
(2013/12/16 8:44:49) Checking for updates
(2013/12/16 8:44:49) Successfully Updated
(2013/12/16 20:12:39) Checking for updates
(2013/12/16 20:12:40) \cs(0,255,0)items_general.xml Updated\cr
(2013/12/16 20:12:40) Successfully Updated
(2013/12/16 20:16:8) Checking for updates
(2013/12/16 20:16:8) Successfully Updated
(2013/12/16 23:26:44) Checking for updates
(2013/12/16 23:26:44) Successfully Updated
(2013/12/17 1:55:34) Checking for updates
(2013/12/17 1:55:35) Successfully Updated
(2013/12/18 1:36:6) Checking for updates
(2013/12/18 1:36:6) Successfully Updated
(2013/12/18 20:4:58) Checking for updates
(2013/12/18 20:4:58) Successfully Updated
(2013/12/18 21:19:37) Checking for updates
(2013/12/18 21:19:37) Successfully Updated
(2013/12/19 18:12:10) Checking for updates
(2013/12/19 18:12:10) Successfully Updated
(2013/12/19 18:12:36) Checking for updates
(2013/12/19 18:12:36) Successfully Updated
(2013/12/21 3:10:8) Checking for updates
(2013/12/21 3:10:9) Successfully Updated
(2013/12/21 11:4:7) Checking for updates
(2013/12/21 11:4:7) Successfully Updated
(2013/12/21 23:16:46) Checking for updates
(2013/12/21 23:16:46) Successfully Updated
(2013/12/21 23:17:15) Checking for updates
(2013/12/21 23:17:15) Successfully Updated
(2013/12/21 23:18:38) Checking for updates
(2013/12/21 23:18:38) Successfully Updated
(2013/12/23 13:31:29) Checking for updates
(2013/12/23 13:31:29) Successfully Updated
(2013/12/23 18:24:20) Checking for updates
(2013/12/23 18:24:20) Successfully Updated
(2013/12/23 18:37:36) Checking for updates
(2013/12/23 18:37:36) Successfully Updated
(2013/12/25 0:22:48) Checking for updates
(2013/12/25 0:22:49) Successfully Updated
(2013/12/25 0:26:26) Checking for updates
(2013/12/25 0:26:26) Successfully Updated
(2013/12/25 13:33:46) Checking for updates
(2013/12/25 13:33:46) \cs(0,255,0)abils.xml Updated\cr
(2013/12/25 13:33:46) \cs(0,255,0)spells.xml Updated\cr
(2013/12/25 13:33:47) \cs(0,255,0)items_armor.xml Updated\cr
(2013/12/25 13:33:47) \cs(0,255,0)items_general.xml Updated\cr
(2013/12/25 13:33:47) \cs(0,255,0)items_weapons.xml Updated\cr
(2013/12/25 13:33:47) \cs(0,255,0)areas.xml Updated\cr
(2013/12/25 13:33:48) \cs(0,255,0)status.xml Updated\cr
(2013/12/25 13:33:48) Successfully Updated
(2013/12/25 15:34:10) Checking for updates
(2013/12/25 15:34:10) Successfully Updated
(2013/12/25 20:32:7) Checking for updates
(2013/12/25 20:32:7) Successfully Updated
(2013/12/25 22:15:46) Checking for updates
(2013/12/25 22:15:46) Successfully Updated
(2013/12/26 3:45:42) Checking for updates
(2013/12/26 3:45:43) \cs(0,255,0)items_armor.xml Updated\cr
(2013/12/26 3:45:43) Successfully Updated
(2013/12/26 3:47:55) Checking for updates
(2013/12/26 3:47:55) Successfully Updated
(2013/12/27 21:6:23) Checking for updates
(2013/12/27 21:6:23) Successfully Updated
(2013/12/27 23:41:37) Checking for updates
(2013/12/27 23:41:37) Successfully Updated
(2013/12/28 12:44:57) Checking for updates
(2013/12/28 12:44:57) Successfully Updated
(2013/12/30 1:39:13) Checking for updates
(2013/12/30 1:39:13) Successfully Updated
(2013/12/30 1:40:22) Checking for updates
(2013/12/30 1:40:22) Successfully Updated
(2013/12/30 21:17:21) Checking for updates
(2013/12/30 21:17:21) Successfully Updated
(2013/12/30 21:35:42) Checking for updates
(2013/12/30 21:35:42) Successfully Updated
(2013/12/30 23:28:48) Checking for updates
(2013/12/30 23:28:48) Successfully Updated
(2013/12/30 23:51:53) Checking for updates
(2013/12/30 23:51:53) Successfully Updated
(2013/12/31 1:39:34) Checking for updates
(2013/12/31 1:39:34) Successfully Updated
(2013/12/31 1:52:39) Checking for updates
(2013/12/31 1:52:39) Successfully Updated
(2014/1/2 15:43:16) Checking for updates
(2014/1/2 15:43:16) Successfully Updated
(2014/1/3 20:27:31) Checking for updates
(2014/1/3 20:27:31) Successfully Updated
(2014/1/5 2:18:4) Checking for updates
(2014/1/5 2:18:5) \cs(0,255,0)spells.xml Updated\cr
(2014/1/5 2:18:5) \cs(0,255,0)items_general.xml Updated\cr
(2014/1/5 2:18:5) \cs(0,255,0)areas.xml Updated\cr
(2014/1/5 2:18:5) \cs(0,255,0)status.xml Updated\cr
(2014/1/5 2:18:5) Successfully Updated
(2014/1/5 13:0:56) Checking for updates
(2014/1/5 13:0:56) Successfully Updated
(2014/1/6 20:32:4) Checking for updates
(2014/1/6 20:32:4) Successfully Updated
(2014/1/6 20:39:57) Checking for updates
(2014/1/6 20:39:57) Successfully Updated
(2014/1/7 0:42:48) Checking for updates
(2014/1/7 0:42:48) Successfully Updated
(2014/1/7 12:23:31) Checking for updates
(2014/1/7 12:23:31) Successfully Updated
(2014/1/7 12:31:57) Checking for updates
(2014/1/7 12:31:57) Successfully Updated
(2014/1/8 0:31:12) Checking for updates
(2014/1/8 0:31:12) Successfully Updated
(2014/1/8 1:5:14) Checking for updates
(2014/1/8 1:5:14) Successfully Updated
(2014/1/8 21:4:57) Checking for updates
(2014/1/8 21:4:57) Successfully Updated
(2014/1/9 1:56:57) Checking for updates
(2014/1/9 1:56:57) Successfully Updated
(2014/1/9 20:34:56) Checking for updates
(2014/1/9 20:34:56) Successfully Updated
(2014/1/9 20:51:10) Checking for updates
(2014/1/9 20:51:10) Successfully Updated
(2014/1/9 21:46:11) Checking for updates
(2014/1/9 21:46:11) Successfully Updated
(2014/1/10 1:40:6) Checking for updates
(2014/1/10 1:40:6) Successfully Updated
(2014/1/10 12:11:5) Checking for updates
(2014/1/10 12:11:6) Successfully Updated
(2014/1/10 12:34:37) Checking for updates
(2014/1/10 12:34:37) Successfully Updated
(2014/1/10 20:24:42) Checking for updates
(2014/1/10 20:24:42) Successfully Updated
(2014/1/10 20:27:28) Checking for updates
(2014/1/10 20:27:28) Successfully Updated
(2014/1/11 3:8:40) Checking for updates
(2014/1/11 3:8:41) Successfully Updated
(2014/1/11 12:40:37) Checking for updates
(2014/1/11 12:40:37) Successfully Updated
(2014/1/11 12:48:40) Checking for updates
(2014/1/11 12:48:40) Successfully Updated
(2014/1/13 18:26:38) Checking for updates
(2014/1/13 18:26:38) Successfully Updated
(2014/1/13 18:28:27) Checking for updates
(2014/1/13 18:28:27) Successfully Updated
(2014/1/13 18:34:20) Checking for updates
(2014/1/13 18:34:20) Successfully Updated
(2014/1/13 20:14:47) Checking for updates
(2014/1/13 20:14:47) Successfully Updated
(2014/1/13 22:42:14) Checking for updates
(2014/1/13 22:42:15) Successfully Updated
(2014/1/13 22:45:51) Checking for updates
(2014/1/13 22:45:51) Successfully Updated
(2014/1/14 18:16:49) Checking for updates
(2014/1/14 18:16:49) Successfully Updated
(2014/1/14 18:18:47) Checking for updates
(2014/1/14 18:18:47) Successfully Updated
(2014/1/15 17:36:0) Checking for updates
(2014/1/15 17:36:0) Successfully Updated
(2014/1/15 17:38:27) Checking for updates
(2014/1/15 17:38:27) Successfully Updated
(2014/1/15 17:57:21) Checking for updates
(2014/1/15 17:57:21) Successfully Updated
(2014/1/15 22:25:34) Checking for updates
(2014/1/15 22:25:35) Successfully Updated
(2014/1/16 17:47:27) Checking for updates
(2014/1/16 17:47:27) Successfully Updated
(2014/1/16 18:6:52) Checking for updates
(2014/1/16 18:6:52) Successfully Updated
(2014/1/16 18:9:11) Checking for updates
(2014/1/16 18:9:11) Successfully Updated
(2014/1/17 0:22:46) Checking for updates
(2014/1/17 0:22:46) Successfully Updated
(2014/1/17 0:47:34) Checking for updates
(2014/1/17 0:47:34) Successfully Updated
(2014/1/17 13:44:10) Checking for updates
(2014/1/17 13:44:10) Successfully Updated
(2014/1/18 18:8:32) Checking for updates
(2014/1/18 18:8:32) Successfully Updated
(2014/1/18 18:9:37) Checking for updates
(2014/1/18 18:9:37) Successfully Updated
(2014/1/20 0:17:28) Checking for updates
(2014/1/20 0:17:28) Successfully Updated
(2014/1/20 0:19:15) Checking for updates
(2014/1/20 0:19:15) Successfully Updated
(2014/1/20 18:0:43) Checking for updates
(2014/1/20 18:0:43) Successfully Updated
(2014/1/20 19:37:35) Checking for updates
(2014/1/20 19:37:35) Successfully Updated
(2014/1/20 19:43:54) Checking for updates
(2014/1/20 19:43:54) Successfully Updated
(2014/1/20 20:4:57) Checking for updates
(2014/1/20 20:4:57) Successfully Updated
(2014/1/20 20:34:39) Checking for updates
(2014/1/20 20:34:39) Successfully Updated
(2014/1/21 1:32:36) Checking for updates
(2014/1/21 1:32:36) Successfully Updated
(2014/1/21 2:7:57) Checking for updates
(2014/1/21 2:7:57) Successfully Updated
(2014/1/21 17:39:19) Checking for updates
(2014/1/21 17:39:19) Successfully Updated
(2014/1/21 17:40:59) Checking for updates
(2014/1/21 17:41:0) Successfully Updated
(2014/1/22 9:20:50) Checking for updates
(2014/1/22 9:20:51) \cs(0,255,0)spells.xml Updated\cr
(2014/1/22 9:20:51) \cs(0,255,0)items_armor.xml Updated\cr
(2014/1/22 9:20:52) \cs(0,255,0)items_general.xml Updated\cr
(2014/1/22 9:20:52) \cs(0,255,0)items_weapons.xml Updated\cr
(2014/1/22 9:20:52) \cs(0,255,0)status.xml Updated\cr
(2014/1/22 9:20:52) Successfully Updated
(2014/1/22 9:23:56) Checking for updates
(2014/1/22 9:23:56) Successfully Updated
(2014/1/22 14:5:4) Checking for updates
(2014/1/22 14:5:4) Successfully Updated
(2014/1/22 14:6:51) Checking for updates
(2014/1/22 14:6:51) Successfully Updated
(2014/1/23 0:15:34) Checking for updates
(2014/1/23 0:15:35) Successfully Updated
(2014/1/23 19:33:3) Checking for updates
(2014/1/23 19:33:3) Successfully Updated
(2014/1/23 19:35:26) Checking for updates
(2014/1/23 19:35:26) Successfully Updated
(2014/1/24 2:7:18) Checking for updates
(2014/1/24 2:7:18) Successfully Updated
(2014/1/24 17:30:25) Checking for updates
(2014/1/24 17:30:25) Successfully Updated
(2014/1/24 21:8:48) Checking for updates
(2014/1/24 21:8:48) Successfully Updated
(2014/1/25 1:33:2) Checking for updates
(2014/1/25 1:33:2) Successfully Updated
(2014/1/26 12:5:18) Checking for updates
(2014/1/26 12:5:18) Successfully Updated
(2014/1/26 12:9:35) Checking for updates
(2014/1/26 12:9:35) Successfully Updated
(2014/1/26 12:11:21) Checking for updates
(2014/1/26 12:11:22) Successfully Updated
(2014/1/27 19:0:36) Checking for updates
(2014/1/27 19:0:36) Successfully Updated
(2014/1/27 19:2:28) Checking for updates
(2014/1/27 19:2:28) Successfully Updated
(2014/1/27 20:3:6) Checking for updates
(2014/1/27 20:3:6) Successfully Updated
(2014/1/28 18:40:45) Checking for updates
(2014/1/28 18:40:45) Successfully Updated
(2014/1/28 18:42:50) Checking for updates
(2014/1/28 18:42:50) Successfully Updated
(2014/1/28 21:33:22) Checking for updates
(2014/1/28 21:33:22) Successfully Updated
(2014/1/29 0:2:44) Checking for updates
(2014/1/29 0:2:45) Successfully Updated
(2014/1/29 9:20:45) Checking for updates
(2014/1/29 9:20:46) Successfully Updated
(2014/1/29 18:51:22) Checking for updates
(2014/1/29 18:51:22) Successfully Updated
(2014/1/30 0:52:32) Checking for updates
(2014/1/30 0:52:33) Successfully Updated
(2014/1/30 2:29:10) Checking for updates
(2014/1/30 2:29:11) Successfully Updated
(2014/1/30 18:3:29) Checking for updates
(2014/1/30 18:3:30) Successfully Updated
(2014/1/30 18:5:37) Checking for updates
(2014/1/30 18:5:37) Successfully Updated
(2014/1/31 18:45:8) Checking for updates
(2014/1/31 18:45:8) Successfully Updated
(2014/2/1 13:22:41) Checking for updates
(2014/2/1 13:22:41) Successfully Updated
(2014/2/1 18:51:24) Checking for updates
(2014/2/1 18:51:24) Successfully Updated
(2014/2/2 13:9:35) Checking for updates
(2014/2/2 13:9:35) Successfully Updated
(2014/2/2 22:19:21) Checking for updates
(2014/2/2 22:19:21) Successfully Updated
(2014/2/3 19:4:33) Checking for updates
(2014/2/3 19:4:33) Successfully Updated
(2014/2/5 0:36:0) Checking for updates
(2014/2/5 0:36:1) Successfully Updated
(2014/2/5 17:42:29) Checking for updates
(2014/2/5 17:42:29) Successfully Updated
(2014/2/7 0:33:22) Checking for updates
(2014/2/7 0:33:22) Successfully Updated
(2014/2/7 19:35:53) Checking for updates
(2014/2/7 19:35:53) Successfully Updated
(2014/2/9 0:53:56) Checking for updates
(2014/2/9 0:53:56) Successfully Updated
(2014/2/9 0:55:48) Checking for updates
(2014/2/9 0:55:48) Successfully Updated
(2014/2/9 0:57:19) Checking for updates
(2014/2/9 0:57:19) Successfully Updated
(2014/2/9 14:16:14) Checking for updates
(2014/2/9 14:16:14) Successfully Updated
(2014/2/9 15:6:17) Checking for updates
(2014/2/9 15:6:17) Successfully Updated
(2014/2/9 20:22:36) Checking for updates
(2014/2/9 20:22:36) Successfully Updated
(2014/2/10 20:40:46) Checking for updates
(2014/2/10 20:40:46) Successfully Updated
(2014/2/11 20:42:3) Checking for updates
(2014/2/11 20:42:3) Successfully Updated
(2014/2/11 23:19:3) Checking for updates
(2014/2/11 23:19:3) Successfully Updated
(2014/2/12 20:22:11) Checking for updates
(2014/2/12 20:22:11) Successfully Updated
(2014/2/14 19:32:13) Checking for updates
(2014/2/14 19:32:13) Successfully Updated
(2014/2/15 13:13:36) Checking for updates
(2014/2/15 13:13:36) \cs(0,255,0)abils.xml Updated\cr
(2014/2/15 13:13:37) \cs(0,255,0)spells.xml Updated\cr
(2014/2/15 13:13:37) \cs(0,255,0)items_armor.xml Updated\cr
(2014/2/15 13:13:37) \cs(0,255,0)items_general.xml Updated\cr
(2014/2/15 13:13:38) \cs(0,255,0)items_weapons.xml Updated\cr
(2014/2/15 13:13:38) \cs(0,255,0)areas.xml Updated\cr
(2014/2/15 13:13:38) \cs(0,255,0)status.xml Updated\cr
(2014/2/15 13:13:38) Successfully Updated
(2014/2/15 14:45:35) Checking for updates
(2014/2/15 14:45:35) Successfully Updated
(2014/2/17 13:51:45) Checking for updates
(2014/2/17 13:51:45) Successfully Updated
(2014/2/17 13:54:12) Checking for updates
(2014/2/17 13:54:12) Successfully Updated
(2014/2/18 2:43:51) Checking for updates
(2014/2/18 2:43:51) Successfully Updated
(2014/2/18 18:5:15) Checking for updates
(2014/2/18 18:5:15) \cs(0,255,0)abils.xml Updated\cr
(2014/2/18 18:5:15) \cs(0,255,0)spells.xml Updated\cr
(2014/2/18 18:5:16) \cs(0,255,0)items_armor.xml Updated\cr
(2014/2/18 18:5:16) \cs(0,255,0)items_general.xml Updated\cr
(2014/2/18 18:5:16) \cs(0,255,0)items_weapons.xml Updated\cr
(2014/2/18 18:5:16) \cs(0,255,0)areas.xml Updated\cr
(2014/2/18 18:5:16) \cs(0,255,0)status.xml Updated\cr
(2014/2/18 18:5:16) Successfully Updated
(2014/2/18 20:26:13) Checking for updates
(2014/2/18 20:26:14) Successfully Updated
(2014/2/19 18:28:6) Checking for updates
(2014/2/19 18:28:7) Successfully Updated
(2014/2/19 21:14:4) Checking for updates
(2014/2/19 21:14:4) Successfully Updated
(2014/2/21 1:1:7) Checking for updates
(2014/2/21 1:1:7) Successfully Updated
(2014/2/22 13:11:14) Checking for updates
(2014/2/22 13:11:14) Successfully Updated
(2014/2/22 13:13:52) Checking for updates
(2014/2/22 13:13:52) Successfully Updated
(2014/2/22 15:39:0) Checking for updates
(2014/2/22 15:39:0) Successfully Updated
(2014/2/24 0:52:24) Checking for updates
(2014/2/24 0:52:25) Successfully Updated
(2014/2/24 21:46:45) Checking for updates
(2014/2/24 21:46:45) Successfully Updated
(2014/2/25 21:9:28) Checking for updates
(2014/2/25 21:9:28) Successfully Updated
(2014/2/26 21:10:45) Checking for updates
(2014/2/26 21:10:45) Successfully Updated
(2014/2/26 23:19:37) Checking for updates
(2014/2/26 23:19:37) Successfully Updated
(2014/2/27 20:26:40) Checking for updates
(2014/2/27 20:26:40) Successfully Updated
(2014/3/4 19:18:53) Checking for updates
(2014/3/4 19:18:54) Successfully Updated
(2014/3/5 21:33:26) Checking for updates
(2014/3/5 21:33:26) Successfully Updated
(2014/3/5 22:9:18) Checking for updates
(2014/3/5 22:9:18) Successfully Updated
(2014/3/8 17:1:5) Checking for updates
(2014/3/8 17:1:6) Successfully Updated
(2014/3/9 14:23:12) Checking for updates
(2014/3/9 14:23:12) Successfully Updated
(2014/3/9 19:15:10) Checking for updates
(2014/3/9 19:15:10) Successfully Updated
(2014/3/10 21:3:12) Checking for updates
(2014/3/10 21:3:12) Successfully Updated
(2014/3/11 1:3:12) Checking for updates
(2014/3/11 1:3:13) Successfully Updated
(2014/3/11 18:7:38) Checking for updates
(2014/3/11 18:7:38) Successfully Updated
(2014/3/11 18:9:41) Checking for updates
(2014/3/11 18:9:41) Successfully Updated
(2014/3/12 9:0:37) Checking for updates
(2014/3/12 9:0:37) Successfully Updated
(2014/3/12 12:42:58) Checking for updates
(2014/3/12 12:42:59) Successfully Updated
(2014/3/13 21:5:17) Checking for updates
(2014/3/13 21:5:17) Successfully Updated
(2014/3/16 14:19:4) Checking for updates
(2014/3/16 14:19:4) Successfully Updated
(2014/3/16 14:35:49) Checking for updates
(2014/3/16 14:35:49) Successfully Updated
(2014/3/17 21:1:28) Checking for updates
(2014/3/17 21:1:28) \cs(0,255,0)abils.xml Updated\cr
(2014/3/17 21:1:28) \cs(0,255,0)spells.xml Updated\cr
(2014/3/17 21:1:29) \cs(0,255,0)items_armor.xml Updated\cr
(2014/3/17 21:1:29) \cs(0,255,0)items_general.xml Updated\cr
(2014/3/17 21:1:29) \cs(0,255,0)items_weapons.xml Updated\cr
(2014/3/17 21:1:29) \cs(0,255,0)status.xml Updated\cr
(2014/3/17 21:1:29) Successfully Updated
(2014/3/18 19:51:54) Checking for updates
(2014/3/18 19:51:54) Successfully Updated
(2014/3/19 20:32:20) Checking for updates
(2014/3/19 20:32:20) Successfully Updated
(2014/3/20 22:41:24) Checking for updates
(2014/3/20 22:41:25) Successfully Updated
(2014/3/21 21:4:49) Checking for updates
(2014/3/21 21:4:49) Successfully Updated
(2014/3/23 1:52:54) Checking for updates
(2014/3/23 1:52:55) Successfully Updated
(2014/3/23 18:2:23) Checking for updates
(2014/3/23 18:2:23) Successfully Updated
(2014/3/23 19:12:8) Checking for updates
(2014/3/23 19:12:8) Successfully Updated
(2014/3/23 21:56:15) Checking for updates
(2014/3/23 21:56:16) Successfully Updated
(2014/3/24 9:26:22) Checking for updates
(2014/3/24 9:26:22) Successfully Updated
(2014/3/24 20:55:6) Checking for updates
(2014/3/24 20:55:7) Successfully Updated
(2014/3/25 9:23:31) Checking for updates
(2014/3/25 9:23:31) Successfully Updated
(2014/3/25 20:52:1) Checking for updates
(2014/3/25 20:52:2) Successfully Updated
(2014/3/26 0:13:29) Checking for updates
(2014/3/26 0:13:29) Successfully Updated
(2014/3/26 9:30:58) Checking for updates
(2014/3/26 9:30:58) Successfully Updated
(2014/3/26 18:27:29) Checking for updates
(2014/3/26 18:27:29) Successfully Updated
(2014/3/26 21:5:22) Checking for updates
(2014/3/26 21:5:22) Successfully Updated
(2014/3/26 23:56:56) Checking for updates
(2014/3/26 23:56:57) Successfully Updated
(2014/3/27 2:40:8) Checking for updates
(2014/3/27 2:40:8) Successfully Updated
(2014/3/27 20:56:11) Checking for updates
(2014/3/27 20:56:11) Successfully Updated
(2014/3/28 3:6:45) Checking for updates
(2014/3/28 3:6:45) Successfully Updated
(2014/3/28 18:0:8) Checking for updates
(2014/3/28 18:0:8) Successfully Updated
(2014/3/28 18:57:6) Checking for updates
(2014/3/28 18:57:6) Successfully Updated
(2014/3/31 2:34:26) Checking for updates
(2014/3/31 2:34:26) Successfully Updated
(2014/3/31 9:34:34) Checking for updates
(2014/3/31 9:34:34) Successfully Updated
(2014/4/1 19:45:49) Checking for updates
(2014/4/1 19:45:50) Successfully Updated
(2014/4/1 21:1:10) Checking for updates
(2014/4/1 21:1:11) Successfully Updated
(2014/4/1 21:3:43) Checking for updates
(2014/4/1 21:3:43) Successfully Updated
(2014/4/2 21:32:26) Checking for updates
(2014/4/2 21:32:26) Successfully Updated
(2014/4/3 9:43:2) Checking for updates
(2014/4/3 9:43:2) Successfully Updated
(2014/4/4 0:59:37) Checking for updates
(2014/4/4 0:59:37) Successfully Updated
(2014/4/4 1:2:7) Checking for updates
(2014/4/4 1:2:7) Successfully Updated
(2014/4/4 16:26:16) Checking for updates
(2014/4/4 16:26:16) Successfully Updated
(2014/4/5 18:54:47) Checking for updates
(2014/4/5 18:54:47) Successfully Updated
(2014/4/5 22:38:54) Checking for updates
(2014/4/5 22:38:55) Successfully Updated
(2014/4/6 0:8:36) Checking for updates
(2014/4/6 0:8:36) Successfully Updated
(2014/4/6 2:7:51) Checking for updates
(2014/4/6 2:7:51) Successfully Updated
(2014/4/6 11:50:0) Checking for updates
(2014/4/6 11:50:0) Successfully Updated
(2014/4/6 11:51:19) Checking for updates
(2014/4/6 11:51:19) Successfully Updated
(2014/4/6 21:54:3) Checking for updates
(2014/4/6 21:54:3) Successfully Updated
(2014/4/7 21:38:33) Checking for updates
(2014/4/7 21:38:33) \cs(0,255,0)abils.xml Updated\cr
(2014/4/7 21:38:34) \cs(0,255,0)spells.xml Updated\cr
(2014/4/7 21:38:34) \cs(0,255,0)items_armor.xml Updated\cr
(2014/4/7 21:38:34) \cs(0,255,0)items_general.xml Updated\cr
(2014/4/7 21:38:35) \cs(0,255,0)items_weapons.xml Updated\cr
(2014/4/7 21:38:35) Successfully Updated
(2014/4/7 22:2:37) Checking for updates
(2014/4/7 22:2:37) Successfully Updated
(2014/4/8 23:57:49) Checking for updates
(2014/4/8 23:57:49) Successfully Updated
(2014/4/9 21:10:33) Checking for updates
(2014/4/9 21:10:33) Successfully Updated
(2014/4/10 21:2:56) Checking for updates
(2014/4/10 21:2:57) Successfully Updated
(2014/4/10 21:19:4) Checking for updates
(2014/4/10 21:19:4) Successfully Updated
